
Test input 0
The dimensions of A are 64 x 64
The dimensions of B are 64 x 64
Solution is correct

real	0m0.195s
user	0m0.104s
sys	0m0.056s

Test input 1
The dimensions of A are 128 x 64
The dimensions of B are 64 x 128
Solution is correct

real	0m0.126s
user	0m0.032s
sys	0m0.068s

Test input 2
The dimensions of A are 100 x 128
The dimensions of B are 128 x 56
Solution is correct

real	0m0.123s
user	0m0.036s
sys	0m0.064s

Test input 3
The dimensions of A are 128 x 64
The dimensions of B are 64 x 128
Solution is correct

real	0m0.128s
user	0m0.040s
sys	0m0.060s

Test input 4
The dimensions of A are 32 x 128
The dimensions of B are 128 x 32
Solution is correct

real	0m0.120s
user	0m0.016s
sys	0m0.076s

Test input 5
The dimensions of A are 200 x 100
The dimensions of B are 100 x 256
Solution is correct

real	0m0.170s
user	0m0.068s
sys	0m0.064s

Test input 6
The dimensions of A are 256 x 256
The dimensions of B are 256 x 256
Solution is correct

real	0m0.273s
user	0m0.116s
sys	0m0.072s

Test input 7
The dimensions of A are 256 x 300
The dimensions of B are 300 x 256
Solution is correct

real	0m0.286s
user	0m0.124s
sys	0m0.072s

Test input 8
The dimensions of A are 64 x 128
The dimensions of B are 128 x 64
Solution is correct

real	0m0.119s
user	0m0.032s
sys	0m0.064s

Test input 9
The dimensions of A are 256 x 256
The dimensions of B are 256 x 257
Solution is correct

real	0m0.279s
user	0m0.112s
sys	0m0.072s
