
Test input 0
The dimensions of A are 64 x 64
The dimensions of B are 64 x 64
Solution is correct

real	0m0.205s
user	0m0.112s
sys	0m0.060s

Test input 1
The dimensions of A are 128 x 64
The dimensions of B are 64 x 128
Solution is correct

real	0m0.136s
user	0m0.036s
sys	0m0.072s

Test input 2
The dimensions of A are 100 x 128
The dimensions of B are 128 x 56
Solution is correct

real	0m0.130s
user	0m0.044s
sys	0m0.060s

Test input 3
The dimensions of A are 128 x 64
The dimensions of B are 64 x 128
Solution is correct

real	0m0.122s
user	0m0.044s
sys	0m0.056s

Test input 4
The dimensions of A are 32 x 128
The dimensions of B are 128 x 32
Solution is correct

real	0m0.113s
user	0m0.024s
sys	0m0.064s

Test input 5
The dimensions of A are 200 x 100
The dimensions of B are 100 x 256
Solution is correct

real	0m0.169s
user	0m0.080s
sys	0m0.060s

Test input 6
The dimensions of A are 256 x 256
The dimensions of B are 256 x 256
Solution is correct

real	0m0.215s
user	0m0.116s
sys	0m0.072s

Test input 7
The dimensions of A are 256 x 300
The dimensions of B are 300 x 256
Solution is correct

real	0m0.228s
user	0m0.124s
sys	0m0.076s

Test input 8
The dimensions of A are 64 x 128
The dimensions of B are 128 x 64
Solution is correct

real	0m0.129s
user	0m0.048s
sys	0m0.052s

Test input 9
The dimensions of A are 256 x 256
The dimensions of B are 256 x 257
Solution is correct

real	0m0.211s
user	0m0.128s
sys	0m0.056s
