
Test input 0
The dimensions of A are 64 x 64
The dimensions of B are 64 x 64
Solution is correct

real	0m0.380s
user	0m0.080s
sys	0m0.204s

Test input 1
The dimensions of A are 128 x 64
The dimensions of B are 64 x 128
Solution is correct

real	0m0.238s
user	0m0.038s
sys	0m0.166s

Test input 2
The dimensions of A are 100 x 128
The dimensions of B are 128 x 56
Solution is correct

real	0m0.257s
user	0m0.033s
sys	0m0.178s

Test input 3
The dimensions of A are 128 x 64
The dimensions of B are 64 x 128
Solution is correct

real	0m0.222s
user	0m0.029s
sys	0m0.161s

Test input 4
The dimensions of A are 32 x 128
The dimensions of B are 128 x 32
Solution is correct

real	0m0.241s
user	0m0.028s
sys	0m0.175s

Test input 5
The dimensions of A are 200 x 100
The dimensions of B are 100 x 256
Solution is correct

real	0m0.257s
user	0m0.053s
sys	0m0.171s

Test input 6
The dimensions of A are 256 x 256
The dimensions of B are 256 x 256
Solution is correct

real	0m0.279s
user	0m0.071s
sys	0m0.177s

Test input 7
The dimensions of A are 256 x 300
The dimensions of B are 300 x 256
Solution is correct

real	0m0.268s
user	0m0.071s
sys	0m0.176s

Test input 8
The dimensions of A are 64 x 128
The dimensions of B are 128 x 64
Solution is correct

real	0m0.255s
user	0m0.029s
sys	0m0.180s

Test input 9
The dimensions of A are 256 x 256
The dimensions of B are 256 x 257
Solution is correct

real	0m0.257s
user	0m0.057s
sys	0m0.166s
